<?xml version="1.0" encoding="UTF-8"?>
<!-- Generated by org.testng.reporters.JUnitReportReporter -->
<testsuite hostname="DESKTOP-KJ2AQ4I" failures="0" tests="1" name="webapp.task" time="86.825" errors="0" timestamp="2022-12-07T09:58:51 IST" skipped="0">
  <testcase classname="webapp.task" name="test" time="86.825"/>
  <system-out/>
</testsuite> <!-- webapp.task -->
