<?xml version="1.0" encoding="UTF-8"?>
<!-- Generated by org.testng.reporters.JUnitReportReporter -->
<testsuite hostname="DESKTOP-KJ2AQ4I" failures="0" tests="3" name="webapp.HYbrid" time="29.129" errors="0" timestamp="2022-12-07T19:14:56 IST" skipped="2">
  <testcase classname="webapp.HYbrid" name="scroll" time="29.129"/>
  <system-out/>
  <testcase classname="webapp.HYbrid" name="negative">
    <skipped/>
  </testcase> <!-- negative -->
  <system-out/>
  <testcase classname="webapp.HYbrid" name="positive">
    <skipped/>
  </testcase> <!-- positive -->
  <system-out/>
</testsuite> <!-- webapp.HYbrid -->
